<?xml version="1.0" encoding="UTF-8"?>
<!-- Generated by org.testng.reporters.JUnitReportReporter -->
<testsuite skipped="0" hostname="VMT4532" name="testingJenkins.testingJenkins" tests="1" failures="0" timestamp="28 Feb 2019 07:54:59 GMT" time="0.007" errors="0">
  <testcase name="LoginTest" time="0.007" classname="testingJenkins.testingJenkins"/>
</testsuite> <!-- testingJenkins.testingJenkins -->
